<?xml version="1.0" encoding="UTF-8"?>
<!-- Generated by org.testng.reporters.JUnitXMLReporter -->
<testsuite ignored="0" hostname="DESKTOP-V5AQLFJ" failures="0" tests="4" name="Default test" time="46.526" errors="0" timestamp="2023-11-20T17:33:12 IST">
  <testcase classname="com.testcases.LoginTest" name="VerfiyInvalidData" time="1.616"/>
  <testcase classname="com.testcases.LoginTest" name="VerfiyInvalidData" time="3.119"/>
  <testcase classname="com.testcases.LoginTest" name="VerfiyInvalidData" time="2.759"/>
  <testcase classname="com.testcases.LoginTest" name="VerfiyInvalidData" time="4.24"/>
</testsuite> <!-- Default test -->
