<?xml version="1.0" encoding="UTF-8"?>
<testng-results ignored="0" total="4" passed="4" failed="0" skipped="0">
  <reporter-output>
  </reporter-output>
  <suite started-at="2023-11-20T17:32:25 IST" name="Default suite" finished-at="2023-11-20T17:33:12 IST" duration-ms="46526">
    <groups>
    </groups>
    <test started-at="2023-11-20T17:32:25 IST" name="Default test" finished-at="2023-11-20T17:33:12 IST" duration-ms="46526">
      <class name="com.testcases.LoginTest">
        <test-method is-config="true" signature="setup()[pri:0, instance:com.testcases.LoginTest@515c6049]" started-at="2023-11-20T17:32:27 IST" name="setup" finished-at="2023-11-20T17:32:34 IST" duration-ms="7799" status="PASS">
          <reporter-output>
          </reporter-output>
        </test-method> <!-- setup -->
        <test-method signature="VerfiyInvalidData(java.lang.String,java.lang.String)[pri:0, instance:com.testcases.LoginTest@515c6049]" started-at="2023-11-20T17:32:34 IST" name="VerfiyInvalidData" data-provider="getdata" finished-at="2023-11-20T17:32:36 IST" duration-ms="1616" status="PASS">
          <params>
            <param index="0">
              <value>
                <![CDATA[sureshbabuemp@gmail.com]]>
              </value>
            </param>
            <param index="1">
              <value>
                <![CDATA[ZPMHQHIA]]>
              </value>
            </param>
          </params>
          <reporter-output>
          </reporter-output>
        </test-method> <!-- VerfiyInvalidData -->
        <test-method is-config="true" signature="teardown()[pri:0, instance:com.testcases.LoginTest@515c6049]" started-at="2023-11-20T17:32:36 IST" name="teardown" finished-at="2023-11-20T17:32:36 IST" duration-ms="2" status="PASS">
          <reporter-output>
          </reporter-output>
        </test-method> <!-- teardown -->
        <test-method is-config="true" signature="setup()[pri:0, instance:com.testcases.LoginTest@515c6049]" started-at="2023-11-20T17:32:36 IST" name="setup" finished-at="2023-11-20T17:32:44 IST" duration-ms="7660" status="PASS">
          <reporter-output>
          </reporter-output>
        </test-method> <!-- setup -->
        <test-method signature="VerfiyInvalidData(java.lang.String,java.lang.String)[pri:0, instance:com.testcases.LoginTest@515c6049]" started-at="2023-11-20T17:32:44 IST" name="VerfiyInvalidData" data-provider="getdata" finished-at="2023-11-20T17:32:47 IST" duration-ms="3119" status="PASS">
          <params>
            <param index="0">
              <value>
                <![CDATA[sureshbabuemp@gmail.com]]>
              </value>
            </param>
            <param index="1">
              <value>
                <![CDATA[ZPMHQH]]>
              </value>
            </param>
          </params>
          <reporter-output>
          </reporter-output>
        </test-method> <!-- VerfiyInvalidData -->
        <test-method is-config="true" signature="teardown()[pri:0, instance:com.testcases.LoginTest@515c6049]" started-at="2023-11-20T17:32:47 IST" name="teardown" finished-at="2023-11-20T17:32:47 IST" duration-ms="1" status="PASS">
          <reporter-output>
          </reporter-output>
        </test-method> <!-- teardown -->
        <test-method is-config="true" signature="setup()[pri:0, instance:com.testcases.LoginTest@515c6049]" started-at="2023-11-20T17:32:47 IST" name="setup" finished-at="2023-11-20T17:32:54 IST" duration-ms="6946" status="PASS">
          <reporter-output>
          </reporter-output>
        </test-method> <!-- setup -->
        <test-method signature="VerfiyInvalidData(java.lang.String,java.lang.String)[pri:0, instance:com.testcases.LoginTest@515c6049]" started-at="2023-11-20T17:32:54 IST" name="VerfiyInvalidData" data-provider="getdata" finished-at="2023-11-20T17:32:57 IST" duration-ms="2759" status="PASS">
          <params>
            <param index="0">
              <value>
                <![CDATA[sureshbabuemp@gmail.com]]>
              </value>
            </param>
            <param index="1">
              <value>
                <![CDATA[]]>
              </value>
            </param>
          </params>
          <reporter-output>
          </reporter-output>
        </test-method> <!-- VerfiyInvalidData -->
        <test-method is-config="true" signature="teardown()[pri:0, instance:com.testcases.LoginTest@515c6049]" started-at="2023-11-20T17:32:57 IST" name="teardown" finished-at="2023-11-20T17:32:57 IST" duration-ms="1" status="PASS">
          <reporter-output>
          </reporter-output>
        </test-method> <!-- teardown -->
        <test-method is-config="true" signature="setup()[pri:0, instance:com.testcases.LoginTest@515c6049]" started-at="2023-11-20T17:32:57 IST" name="setup" finished-at="2023-11-20T17:33:08 IST" duration-ms="10974" status="PASS">
          <reporter-output>
          </reporter-output>
        </test-method> <!-- setup -->
        <test-method signature="VerfiyInvalidData(java.lang.String,java.lang.String)[pri:0, instance:com.testcases.LoginTest@515c6049]" started-at="2023-11-20T17:33:08 IST" name="VerfiyInvalidData" data-provider="getdata" finished-at="2023-11-20T17:33:12 IST" duration-ms="4240" status="PASS">
          <params>
            <param index="0">
              <value>
                <![CDATA[]]>
              </value>
            </param>
            <param index="1">
              <value>
                <![CDATA[ZPMHQHIA]]>
              </value>
            </param>
          </params>
          <reporter-output>
          </reporter-output>
        </test-method> <!-- VerfiyInvalidData -->
        <test-method is-config="true" signature="teardown()[pri:0, instance:com.testcases.LoginTest@515c6049]" started-at="2023-11-20T17:33:12 IST" name="teardown" finished-at="2023-11-20T17:33:12 IST" duration-ms="1" status="PASS">
          <reporter-output>
          </reporter-output>
        </test-method> <!-- teardown -->
      </class> <!-- com.testcases.LoginTest -->
    </test> <!-- Default test -->
  </suite> <!-- Default suite -->
</testng-results>
